<?xml version="1.0" encoding="UTF-8"?>
<testng-results skipped="0" failed="1" ignored="0" total="1" passed="0">
  <reporter-output>
  </reporter-output>
  <suite name="Default suite" duration-ms="7220" started-at="2021-02-12T10:10:46Z" finished-at="2021-02-12T10:10:53Z">
    <groups>
    </groups>
    <test name="Default test" duration-ms="7220" started-at="2021-02-12T10:10:46Z" finished-at="2021-02-12T10:10:53Z">
      <class name="ma.Barnstable">
        <test-method status="PASS" signature="passArgsCMD()[pri:0, instance:ma.Barnstable@795cd85e]" name="passArgsCMD" is-config="true" duration-ms="28" started-at="2021-02-12T10:10:46Z" finished-at="2021-02-12T10:10:46Z">
          <reporter-output>
          </reporter-output>
        </test-method> <!-- passArgsCMD -->
        <test-method status="FAIL" signature="BarnstableTest()[pri:0, instance:ma.Barnstable@795cd85e]" name="BarnstableTest" duration-ms="2493" started-at="2021-02-12T10:10:46Z" finished-at="2021-02-12T10:10:48Z">
          <exception class="org.openqa.selenium.SessionNotCreatedException">
            <message>
              <![CDATA[session not created: This version of ChromeDriver only supports Chrome version 86
Current browser version is 88.0.4324.150 with binary path C:\Program Files\Google\Chrome\Application\chrome.exe
Build info: version: '3.13.0', revision: '2f0d292', time: '2018-06-25T15:24:21.231Z'
System info: host: 'LAPTOP-6BHRP2ML', ip: '10.134.0.118', os.name: 'Windows 10', os.arch: 'amd64', os.version: '10.0', java.version: '1.8.0_271'
Driver info: driver.version: ChromeDriver
remote stacktrace: Backtrace:
Ordinal0 [0x0088C013+3194899]
Ordinal0 [0x00776021+2056225]
Ordinal0 [0x0060F608+587272]
Ordinal0 [0x00591BF3+72691]
Ordinal0 [0x0058E229+57897]
Ordinal0 [0x0058C64A+50762]
Ordinal0 [0x005B1EE9+204521]
Ordinal0 [0x005B1D0D+204045]
Ordinal0 [0x005AFC1B+195611]
Ordinal0 [0x00593B7F+80767]
Ordinal0 [0x00594B4E+84814]
Ordinal0 [0x00594AD9+84697]
Ordinal0 [0x0078CE64+2149988]
GetHandleVerifier [0x009FBE95+1400773]
GetHandleVerifier [0x009FBB61+1399953]
GetHandleVerifier [0x00A031FA+1430314]
GetHandleVerifier [0x009FC69F+1402831]
Ordinal0 [0x00783D61+2112865]
Ordinal0 [0x0078E5CB+2155979]
Ordinal0 [0x0078E6F5+2156277]
Ordinal0 [0x0079F26E+2224750]
BaseThreadInitThunk [0x7610FA29+25]
RtlGetAppContainerNamedObjectPath [0x778576B4+228]
RtlGetAppContainerNamedObjectPath [0x77857684+180]
]]>
            </message>
            <full-stacktrace>
              <![CDATA[org.openqa.selenium.SessionNotCreatedException: session not created: This version of ChromeDriver only supports Chrome version 86
Current browser version is 88.0.4324.150 with binary path C:\Program Files\Google\Chrome\Application\chrome.exe
Build info: version: '3.13.0', revision: '2f0d292', time: '2018-06-25T15:24:21.231Z'
System info: host: 'LAPTOP-6BHRP2ML', ip: '10.134.0.118', os.name: 'Windows 10', os.arch: 'amd64', os.version: '10.0', java.version: '1.8.0_271'
Driver info: driver.version: ChromeDriver
remote stacktrace: Backtrace:
Ordinal0 [0x0088C013+3194899]
Ordinal0 [0x00776021+2056225]
Ordinal0 [0x0060F608+587272]
Ordinal0 [0x00591BF3+72691]
Ordinal0 [0x0058E229+57897]
Ordinal0 [0x0058C64A+50762]
Ordinal0 [0x005B1EE9+204521]
Ordinal0 [0x005B1D0D+204045]
Ordinal0 [0x005AFC1B+195611]
Ordinal0 [0x00593B7F+80767]
Ordinal0 [0x00594B4E+84814]
Ordinal0 [0x00594AD9+84697]
Ordinal0 [0x0078CE64+2149988]
GetHandleVerifier [0x009FBE95+1400773]
GetHandleVerifier [0x009FBB61+1399953]
GetHandleVerifier [0x00A031FA+1430314]
GetHandleVerifier [0x009FC69F+1402831]
Ordinal0 [0x00783D61+2112865]
Ordinal0 [0x0078E5CB+2155979]
Ordinal0 [0x0078E6F5+2156277]
Ordinal0 [0x0079F26E+2224750]
BaseThreadInitThunk [0x7610FA29+25]
RtlGetAppContainerNamedObjectPath [0x778576B4+228]
RtlGetAppContainerNamedObjectPath [0x77857684+180]

at sun.reflect.NativeConstructorAccessorImpl.newInstance0(Native Method)
at sun.reflect.NativeConstructorAccessorImpl.newInstance(NativeConstructorAccessorImpl.java:62)
at sun.reflect.DelegatingConstructorAccessorImpl.newInstance(DelegatingConstructorAccessorImpl.java:45)
at java.lang.reflect.Constructor.newInstance(Constructor.java:423)
at org.openqa.selenium.remote.W3CHandshakeResponse.lambda$new$0(W3CHandshakeResponse.java:57)
at org.openqa.selenium.remote.W3CHandshakeResponse.lambda$getResponseFunction$2(W3CHandshakeResponse.java:104)
at org.openqa.selenium.remote.ProtocolHandshake.lambda$createSession$0(ProtocolHandshake.java:123)
at java.util.stream.ReferencePipeline$3$1.accept(ReferencePipeline.java:193)
at java.util.Spliterators$ArraySpliterator.tryAdvance(Spliterators.java:958)
at java.util.stream.ReferencePipeline.forEachWithCancel(ReferencePipeline.java:126)
at java.util.stream.AbstractPipeline.copyIntoWithCancel(AbstractPipeline.java:499)
at java.util.stream.AbstractPipeline.copyInto(AbstractPipeline.java:486)
at java.util.stream.AbstractPipeline.wrapAndCopyInto(AbstractPipeline.java:472)
at java.util.stream.FindOps$FindOp.evaluateSequential(FindOps.java:152)
at java.util.stream.AbstractPipeline.evaluate(AbstractPipeline.java:234)
at java.util.stream.ReferencePipeline.findFirst(ReferencePipeline.java:464)
at org.openqa.selenium.remote.ProtocolHandshake.createSession(ProtocolHandshake.java:126)
at org.openqa.selenium.remote.ProtocolHandshake.createSession(ProtocolHandshake.java:73)
at org.openqa.selenium.remote.HttpCommandExecutor.execute(HttpCommandExecutor.java:136)
at org.openqa.selenium.remote.service.DriverCommandExecutor.execute(DriverCommandExecutor.java:83)
at org.openqa.selenium.remote.RemoteWebDriver.execute(RemoteWebDriver.java:548)
at org.openqa.selenium.remote.RemoteWebDriver.startSession(RemoteWebDriver.java:212)
at org.openqa.selenium.remote.RemoteWebDriver.<init>(RemoteWebDriver.java:130)
at org.openqa.selenium.chrome.ChromeDriver.<init>(ChromeDriver.java:181)
at org.openqa.selenium.chrome.ChromeDriver.<init>(ChromeDriver.java:168)
at org.openqa.selenium.chrome.ChromeDriver.<init>(ChromeDriver.java:157)
at ma.Barnstable.BarnstableTest(Barnstable.java:188)
at sun.reflect.NativeMethodAccessorImpl.invoke0(Native Method)
at sun.reflect.NativeMethodAccessorImpl.invoke(NativeMethodAccessorImpl.java:62)
at sun.reflect.DelegatingMethodAccessorImpl.invoke(DelegatingMethodAccessorImpl.java:43)
at java.lang.reflect.Method.invoke(Method.java:498)
at org.testng.internal.MethodInvocationHelper.invokeMethod(MethodInvocationHelper.java:124)
at org.testng.internal.Invoker.invokeMethod(Invoker.java:583)
at org.testng.internal.Invoker.invokeTestMethod(Invoker.java:719)
at org.testng.internal.Invoker.invokeTestMethods(Invoker.java:989)
at org.testng.internal.TestMethodWorker.invokeTestMethods(TestMethodWorker.java:125)
at org.testng.internal.TestMethodWorker.run(TestMethodWorker.java:109)
at org.testng.TestRunner.privateRun(TestRunner.java:648)
at org.testng.TestRunner.run(TestRunner.java:505)
at org.testng.SuiteRunner.runTest(SuiteRunner.java:455)
at org.testng.SuiteRunner.runSequentially(SuiteRunner.java:450)
at org.testng.SuiteRunner.privateRun(SuiteRunner.java:415)
at org.testng.SuiteRunner.run(SuiteRunner.java:364)
at org.testng.SuiteRunnerWorker.runSuite(SuiteRunnerWorker.java:52)
at org.testng.SuiteRunnerWorker.run(SuiteRunnerWorker.java:84)
at org.testng.TestNG.runSuitesSequentially(TestNG.java:1208)
at org.testng.TestNG.runSuitesLocally(TestNG.java:1137)
at org.testng.TestNG.runSuites(TestNG.java:1049)
at org.testng.TestNG.run(TestNG.java:1017)
at org.testng.remote.AbstractRemoteTestNG.run(AbstractRemoteTestNG.java:115)
at org.testng.remote.RemoteTestNG.initAndRun(RemoteTestNG.java:251)
at org.testng.remote.RemoteTestNG.main(RemoteTestNG.java:77)
]]>
            </full-stacktrace>
          </exception> <!-- org.openqa.selenium.SessionNotCreatedException -->
          <reporter-output>
          </reporter-output>
        </test-method> <!-- BarnstableTest -->
        <test-method status="FAIL" signature="tearDown(org.testng.ITestResult)[pri:0, instance:ma.Barnstable@795cd85e]" name="tearDown" is-config="true" duration-ms="4640" started-at="2021-02-12T10:10:48Z" finished-at="2021-02-12T10:10:53Z">
          <params>
            <param index="0">
              <value>
                <![CDATA[[TestResult name=BarnstableTest status=FAILURE method=Barnstable.BarnstableTest()[pri:0, instance:ma.Barnstable@795cd85e] output={null}]]]>
              </value>
            </param>
          </params>
          <exception class="java.lang.NullPointerException">
            <full-stacktrace>
              <![CDATA[java.lang.NullPointerException
at ma.Barnstable.tearDown(Barnstable.java:266)
at sun.reflect.NativeMethodAccessorImpl.invoke0(Native Method)
at sun.reflect.NativeMethodAccessorImpl.invoke(NativeMethodAccessorImpl.java:62)
at sun.reflect.DelegatingMethodAccessorImpl.invoke(DelegatingMethodAccessorImpl.java:43)
at java.lang.reflect.Method.invoke(Method.java:498)
at org.testng.internal.MethodInvocationHelper.invokeMethod(MethodInvocationHelper.java:124)
at org.testng.internal.MethodInvocationHelper.invokeMethodConsideringTimeout(MethodInvocationHelper.java:59)
at org.testng.internal.Invoker.invokeConfigurationMethod(Invoker.java:458)
at org.testng.internal.Invoker.invokeConfigurations(Invoker.java:222)
at org.testng.internal.Invoker.invokeMethod(Invoker.java:646)
at org.testng.internal.Invoker.invokeTestMethod(Invoker.java:719)
at org.testng.internal.Invoker.invokeTestMethods(Invoker.java:989)
at org.testng.internal.TestMethodWorker.invokeTestMethods(TestMethodWorker.java:125)
at org.testng.internal.TestMethodWorker.run(TestMethodWorker.java:109)
at org.testng.TestRunner.privateRun(TestRunner.java:648)
at org.testng.TestRunner.run(TestRunner.java:505)
at org.testng.SuiteRunner.runTest(SuiteRunner.java:455)
at org.testng.SuiteRunner.runSequentially(SuiteRunner.java:450)
at org.testng.SuiteRunner.privateRun(SuiteRunner.java:415)
at org.testng.SuiteRunner.run(SuiteRunner.java:364)
at org.testng.SuiteRunnerWorker.runSuite(SuiteRunnerWorker.java:52)
at org.testng.SuiteRunnerWorker.run(SuiteRunnerWorker.java:84)
at org.testng.TestNG.runSuitesSequentially(TestNG.java:1208)
at org.testng.TestNG.runSuitesLocally(TestNG.java:1137)
at org.testng.TestNG.runSuites(TestNG.java:1049)
at org.testng.TestNG.run(TestNG.java:1017)
at org.testng.remote.AbstractRemoteTestNG.run(AbstractRemoteTestNG.java:115)
at org.testng.remote.RemoteTestNG.initAndRun(RemoteTestNG.java:251)
at org.testng.remote.RemoteTestNG.main(RemoteTestNG.java:77)
]]>
            </full-stacktrace>
          </exception> <!-- java.lang.NullPointerException -->
          <reporter-output>
          </reporter-output>
        </test-method> <!-- tearDown -->
      </class> <!-- ma.Barnstable -->
    </test> <!-- Default test -->
  </suite> <!-- Default suite -->
</testng-results>
